[debug] [2024-01-23T00:02:20.150Z] ----------------------------------------------------------------------
[debug] [2024-01-23T00:02:20.151Z] Command:       /home/cole/.nvm/versions/node/v18.10.0/bin/node /home/cole/.nvm/versions/node/v18.10.0/bin/firebase init
[debug] [2024-01-23T00:02:20.151Z] CLI Version:   13.0.3
[debug] [2024-01-23T00:02:20.151Z] Platform:      linux
[debug] [2024-01-23T00:02:20.152Z] Node Version:  v18.10.0
[debug] [2024-01-23T00:02:20.152Z] Time:          Mon Jan 22 2024 19:02:20 GMT-0500 (Eastern Standard Time)
[debug] [2024-01-23T00:02:20.152Z] ----------------------------------------------------------------------
[debug] 
[debug] [2024-01-23T00:02:20.155Z] > command requires scopes: ["email","openid","https://www.googleapis.com/auth/cloudplatformprojects.readonly","https://www.googleapis.com/auth/firebase","https://www.googleapis.com/auth/cloud-platform"]
[debug] [2024-01-23T00:02:20.155Z] > authorizing via signed-in user (colemckiever@gmail.com)
[info] 
     ######## #### ########  ######## ########     ###     ######  ########
     ##        ##  ##     ## ##       ##     ##  ##   ##  ##       ##
     ######    ##  ########  ######   ########  #########  ######  ######
     ##        ##  ##    ##  ##       ##     ## ##     ##       ## ##
     ##       #### ##     ## ######## ########  ##     ##  ######  ########

You're about to initialize a Firebase project in this directory:

  /home/cole/Code/react/beginner-course/social-media-clone

[info] 
=== Project Setup
[info] 
[info] First, let's associate this project directory with a Firebase project.
[info] You can create multiple project aliases by running firebase use --add, 
[info] but for now we'll just set up a default project.
[info] 
[debug] [2024-01-23T00:02:57.631Z] >>> [apiv2][query] GET https://firebase.googleapis.com/v1beta1/projects pageSize=100
[debug] [2024-01-23T00:02:58.100Z] <<< [apiv2][status] GET https://firebase.googleapis.com/v1beta1/projects 200
[debug] [2024-01-23T00:02:58.100Z] <<< [apiv2][body] GET https://firebase.googleapis.com/v1beta1/projects [omitted]
[info] i  Using project social-media-clone-a8ce0 (social-media-clone) 
[info] 
=== Hosting Setup
[debug] [2024-01-23T00:03:02.363Z] >>> [apiv2][query] GET https://firebase.googleapis.com/v1beta1/projects/social-media-clone-a8ce0 [none]
[debug] [2024-01-23T00:03:02.663Z] <<< [apiv2][status] GET https://firebase.googleapis.com/v1beta1/projects/social-media-clone-a8ce0 200
[debug] [2024-01-23T00:03:02.663Z] <<< [apiv2][body] GET https://firebase.googleapis.com/v1beta1/projects/social-media-clone-a8ce0 {"projectId":"social-media-clone-a8ce0","projectNumber":"648206617035","displayName":"social-media-clone","name":"projects/social-media-clone-a8ce0","resources":{"hostingSite":"social-media-clone-a8ce0"},"state":"ACTIVE","etag":"1_924bd72a-b1f9-4c15-9e16-1026ee4d5e05"}
[info] 
[info] Your public directory is the folder (relative to your project directory) that
[info] will contain Hosting assets to be uploaded with firebase deploy. If you
[info] have a build process for your assets, use your build's output directory.
[info] 
[info] ✔  Wrote public/404.html 
[debug] [2024-01-23T00:42:07.908Z] >>> [apiv2][query] GET https://www.gstatic.com/firebasejs/releases.json [none]
[debug] [2024-01-23T00:42:07.989Z] <<< [apiv2][status] GET https://www.gstatic.com/firebasejs/releases.json 200
[debug] [2024-01-23T00:42:07.989Z] <<< [apiv2][body] GET https://www.gstatic.com/firebasejs/releases.json {"current":{"version":"10.7.2","browserURL":"https://www.gstatic.com/firebasejs/10.7.2/firebase.js","packageURL":"https://www.gstatic.com/firebasejs/10.7.2/firebase.tgz"},"live":{"version":"10.7","browserURL":"https://www.gstatic.com/firebasejs/live/10.7/firebase.js","packageURL":"https://www.gstatic.com/firebasejs/live/10.7/firebase.tgz"},"components":{"analytics":"https://www.gstatic.com/firebasejs/10.7.2/firebase-analytics.js","app":"https://www.gstatic.com/firebasejs/10.7.2/firebase-app.js","app-check":"https://www.gstatic.com/firebasejs/10.7.2/firebase-app-check.js","auth":"https://www.gstatic.com/firebasejs/10.7.2/firebase-auth.js","auth/cordova":"https://www.gstatic.com/firebasejs/10.7.2/firebase-auth/cordova.js","functions":"https://www.gstatic.com/firebasejs/10.7.2/firebase-functions.js","firestore":"https://www.gstatic.com/firebasejs/10.7.2/firebase-firestore.js","firestore/lite":"https://www.gstatic.com/firebasejs/10.7.2/firebase-firestore/lite.js","installations":"https://www.gstatic.com/firebasejs/10.7.2/firebase-installations.js","storage":"https://www.gstatic.com/firebasejs/10.7.2/firebase-storage.js","performance":"https://www.gstatic.com/firebasejs/10.7.2/firebase-performance.js","remote-config":"https://www.gstatic.com/firebasejs/10.7.2/firebase-remote-config.js","messaging":"https://www.gstatic.com/firebasejs/10.7.2/firebase-messaging.js","messaging/sw":"https://www.gstatic.com/firebasejs/10.7.2/firebase-messaging/sw.js","database":"https://www.gstatic.com/firebasejs/10.7.2/firebase-database.js","firestore.memory":"https://www.gstatic.com/firebasejs/10.7.2/firebase-firestore.memory.js"}}
[info] i  Skipping write of public/index.html 
[info] 
[info] i  Detected a .git folder at /home/cole/Code/react/beginner-course/social-media-clone 
[info] i  Authorizing with GitHub to upload your service account to a GitHub repository's secrets store. 
[info] 
[info] Visit this URL on this device to log in:
[info] https://github.com/login/oauth/authorize?client_id=89cf50f02ac6aaed3484&state=106470700&redirect_uri=http%3A%2F%2Flocalhost%3A9005&scope=read%3Auser%20repo%20public_repo
[info] 
[info] Waiting for authentication...
[debug] [2024-01-23T00:42:25.594Z] >>> [apiv2][query] POST https://github.com/login/oauth/access_token [none]
[debug] [2024-01-23T00:42:25.594Z] >>> [apiv2][body] POST https://github.com/login/oauth/access_token [stream]
[debug] [2024-01-23T00:42:25.866Z] <<< [apiv2][status] POST https://github.com/login/oauth/access_token 200
[debug] [2024-01-23T00:42:25.866Z] <<< [apiv2][body] POST https://github.com/login/oauth/access_token {"access_token":"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","token_type":"bearer","scope":"read:user,repo"}
[debug] [2024-01-23T00:42:25.867Z] >>> [apiv2][query] GET https://api.github.com/user [none]
[debug] [2024-01-23T00:42:26.101Z] <<< [apiv2][status] GET https://api.github.com/user 200
[debug] [2024-01-23T00:42:26.102Z] <<< [apiv2][body] GET https://api.github.com/user {"login":"CBMcKiever","id":38202366,"node_id":"MDQ6VXNlcjM4MjAyMzY2","avatar_url":"https://avatars.githubusercontent.com/u/38202366?v=4","gravatar_id":"","url":"https://api.github.com/users/CBMcKiever","html_url":"https://github.com/CBMcKiever","followers_url":"https://api.github.com/users/CBMcKiever/followers","following_url":"https://api.github.com/users/CBMcKiever/following{/other_user}","gists_url":"https://api.github.com/users/CBMcKiever/gists{/gist_id}","starred_url":"https://api.github.com/users/CBMcKiever/starred{/owner}{/repo}","subscriptions_url":"https://api.github.com/users/CBMcKiever/subscriptions","organizations_url":"https://api.github.com/users/CBMcKiever/orgs","repos_url":"https://api.github.com/users/CBMcKiever/repos","events_url":"https://api.github.com/users/CBMcKiever/events{/privacy}","received_events_url":"https://api.github.com/users/CBMcKiever/received_events","type":"User","site_admin":false,"name":null,"company":null,"blog":"","location":null,"email":null,"hireable":null,"bio":null,"twitter_username":null,"public_repos":6,"public_gists":0,"followers":0,"following":0,"created_at":"2018-04-09T05:57:11Z","updated_at":"2023-06-05T00:52:41Z","private_gists":0,"total_private_repos":15,"owned_private_repos":15,"disk_usage":58556,"collaborators":0,"two_factor_authentication":false,"plan":{"name":"free","space":976562499,"collaborators":0,"private_repos":10000}}
[info] 
[info] ✔  Success! Logged into GitHub as CBMcKiever 
[info] 
